app/build/outputs/logs/manifest-merger-debug-report.txt
-- Merging decision tree log ---
manifest
ADDED from src\main\AndroidManifest.xml:2:1-52:12
INJECTED from src\main\AndroidManifest.xml:2:1-52:12
INJECTED from src\main\AndroidManifest.xml:2:1-52:12
INJECTED from src\main\AndroidManifest.xml:2:1-52:12
MERGED from [org.jetbrains.anko:anko-sdk25:0.10.8] AndroidManifest.xml:2:1-13:12
MERGED from [org.jetbrains.anko:anko-sdk25-coroutines:0.10.8] AndroidManifest.xml:2:1-13:12
MERGED from [org.jetbrains.anko:anko-sqlite:0.10.8] AndroidManifest.xml:2:1-13:12
MERGED from [org.jetbrains.anko:anko-appcompat-v7:0.10.8] AndroidManifest.xml:2:1-13:12
MERGED from [org.jetbrains.anko:anko-support-v4:0.10.8] AndroidManifest.xml:2:1-13:12
MERGED from [org.jetbrains.anko:anko-appcompat-v7-coroutines:0.10.8] AndroidManifest.xml:2:1-13:12
MERGED from [org.jetbrains.anko:anko-appcompat-v7-commons:0.10.8] AndroidManifest.xml:2:1-13:12
MERGED from [org.jetbrains.anko:anko-support-v4-commons:0.10.8] AndroidManifest.xml:2:1-13:12
MERGED from [org.jetbrains.anko:anko-commons:0.10.8] AndroidManifest.xml:2:1-13:12
MERGED from [com.github.kittinunf.fuel:fuel-android:1.6.0] AndroidManifest.xml:2:1-11:12
MERGED from [com.android.support:design:28.0.0] AndroidManifest.xml:17:1-24:12
MERGED from [org.jetbrains.anko:appcompatV7-base:0.10.8] AndroidManifest.xml:2:1-11:12
MERGED from [com.android.support:appcompat-v7:28.0.0] AndroidManifest.xml:17:1-22:12
MERGED from [com.android.support.constraint:constraint-layout:1.1.3] AndroidManifest.xml:2:1-11:12
MERGED from [com.android.support:recyclerview-v7:28.0.0] AndroidManifest.xml:17:1-22:12
MERGED from [org.jetbrains.anko:platform-base:0.10.8] AndroidManifest.xml:2:1-11:12
MERGED from [org.jetbrains.anko:sqlite-base:0.10.8] AndroidManifest.xml:2:1-11:12
MERGED from [org.jetbrains.anko:supportV4-base:0.10.8] AndroidManifest.xml:2:1-11:12
MERGED from [org.jetbrains.anko:commons-base:0.10.8] AndroidManifest.xml:2:1-11:12
MERGED from [com.android.support:support-v4:27.1.1] AndroidManifest.xml:17:1-22:12
MERGED from [com.android.support:support-fragment:28.0.0] AndroidManifest.xml:17:1-22:12
MERGED from [com.android.support:animated-vector-drawable:28.0.0] AndroidManifest.xml:17:1-22:12
MERGED from [com.android.support:support-core-ui:28.0.0] AndroidManifest.xml:17:1-22:12
MERGED from [com.android.support:support-core-utils:28.0.0] AndroidManifest.xml:17:1-22:12
MERGED from [com.android.support:support-vector-drawable:28.0.0] AndroidManifest.xml:17:1-22:12
MERGED from [com.android.support:transition:28.0.0] AndroidManifest.xml:17:1-22:12
MERGED from [com.android.support:loader:28.0.0] AndroidManifest.xml:17:1-22:12
MERGED from [com.android.support:viewpager:28.0.0] AndroidManifest.xml:17:1-22:12
MERGED from [com.android.support:coordinatorlayout:28.0.0] AndroidManifest.xml:17:1-22:12
MERGED from [com.android.support:drawerlayout:28.0.0] AndroidManifest.xml:17:1-22:12
MERGED from [com.android.support:slidingpanelayout:28.0.0] AndroidManifest.xml:17:1-22:12
MERGED from [com.android.support:customview:28.0.0] AndroidManifest.xml:17:1-22:12
MERGED from [com.android.support:swiperefreshlayout:28.0.0] AndroidManifest.xml:17:1-22:12
MERGED from [com.android.support:asynclayoutinflater:28.0.0] AndroidManifest.xml:17:1-22:12
MERGED from [com.android.support:support-media-compat:27.1.1] AndroidManifest.xml:17:1-22:12
MERGED from [com.android.support:support-compat:28.0.0] AndroidManifest.xml:17:1-24:12
MERGED from [com.android.support:versionedparcelable:28.0.0] AndroidManifest.xml:17:1-25:12
MERGED from [com.android.support:cursoradapter:28.0.0] AndroidManifest.xml:17:1-22:12
MERGED from [com.android.support:cardview-v7:28.0.0] AndroidManifest.xml:17:1-22:12
MERGED from [android.arch.lifecycle:runtime:1.1.1] AndroidManifest.xml:17:1-22:12
MERGED from [com.android.support:documentfile:28.0.0] AndroidManifest.xml:17:1-22:12
MERGED from [com.android.support:localbroadcastmanager:28.0.0] AndroidManifest.xml:17:1-22:12
MERGED from [com.android.support:print:28.0.0] AndroidManifest.xml:17:1-22:12
MERGED from [android.arch.lifecycle:viewmodel:1.1.1] AndroidManifest.xml:17:1-22:12
MERGED from [com.android.support:interpolator:28.0.0] AndroidManifest.xml:17:1-22:12
MERGED from [android.arch.lifecycle:livedata:1.1.1] AndroidManifest.xml:17:1-22:12
MERGED from [android.arch.lifecycle:livedata-core:1.1.1] AndroidManifest.xml:17:1-22:12
MERGED from [android.arch.core:runtime:1.1.1] AndroidManifest.xml:17:1-22:12
INJECTED from src\main\AndroidManifest.xml:2:1-52:12
INJECTED from src\main\AndroidManifest.xml:2:1-52:12
INJECTED from src\main\AndroidManifest.xml:2:1-52:12
	package
		ADDED from src\main\AndroidManifest.xml:3:11-43
		INJECTED from src\main\AndroidManifest.xml
		INJECTED from src\main\AndroidManifest.xml
	android:versionName
		INJECTED from src\main\AndroidManifest.xml
		ADDED from src\main\AndroidManifest.xml:2:1-52:12
		INJECTED from src\main\AndroidManifest.xml
	android:versionCode
		INJECTED from src\main\AndroidManifest.xml
		ADDED from src\main\AndroidManifest.xml:2:1-52:12
		INJECTED from src\main\AndroidManifest.xml
	xmlns:android
		ADDED from src\main\AndroidManifest.xml:2:11-69
uses-permission#android.permission.INTERNET
ADDED from src\main\AndroidManifest.xml:5:5-66
	android:name
		ADDED from src\main\AndroidManifest.xml:5:22-64
uses-permission#android.permission.RECORD_AUDIO
ADDED from src\main\AndroidManifest.xml:6:5-70
	android:name
		ADDED from src\main\AndroidManifest.xml:6:22-68
uses-permission#android.permission.WRITE_EXTERNAL_STORAGE
ADDED from src\main\AndroidManifest.xml:7:5-80
	android:name
		ADDED from src\main\AndroidManifest.xml:7:22-78
application
ADDED from src\main\AndroidManifest.xml:9:5-50:19
MERGED from [org.jetbrains.anko:anko-sdk25:0.10.8] AndroidManifest.xml:11:5-20
MERGED from [org.jetbrains.anko:anko-sdk25:0.10.8] AndroidManifest.xml:11:5-20
MERGED from [org.jetbrains.anko:anko-sdk25-coroutines:0.10.8] AndroidManifest.xml:11:5-20
MERGED from [org.jetbrains.anko:anko-sdk25-coroutines:0.10.8] AndroidManifest.xml:11:5-20
MERGED from [org.jetbrains.anko:anko-sqlite:0.10.8] AndroidManifest.xml:11:5-20
MERGED from [org.jetbrains.anko:anko-sqlite:0.10.8] AndroidManifest.xml:11:5-20
MERGED from [org.jetbrains.anko:anko-appcompat-v7:0.10.8] AndroidManifest.xml:11:5-20
MERGED from [org.jetbrains.anko:anko-appcompat-v7:0.10.8] AndroidManifest.xml:11:5-20
MERGED from [org.jetbrains.anko:anko-support-v4:0.10.8] AndroidManifest.xml:11:5-20
MERGED from [org.jetbrains.anko:anko-support-v4:0.10.8] AndroidManifest.xml:11:5-20
MERGED from [org.jetbrains.anko:anko-appcompat-v7-coroutines:0.10.8] AndroidManifest.xml:11:5-20
MERGED from [org.jetbrains.anko:anko-appcompat-v7-coroutines:0.10.8] AndroidManifest.xml:11:5-20
MERGED from [org.jetbrains.anko:anko-appcompat-v7-commons:0.10.8] AndroidManifest.xml:11:5-20
MERGED from [org.jetbrains.anko:anko-appcompat-v7-commons:0.10.8] AndroidManifest.xml:11:5-20
MERGED from [org.jetbrains.anko:anko-support-v4-commons:0.10.8] AndroidManifest.xml:11:5-20
MERGED from [org.jetbrains.anko:anko-support-v4-commons:0.10.8] AndroidManifest.xml:11:5-20
MERGED from [org.jetbrains.anko:anko-commons:0.10.8] AndroidManifest.xml:11:5-20
MERGED from [org.jetbrains.anko:anko-commons:0.10.8] AndroidManifest.xml:11:5-20
MERGED from [com.android.support:design:28.0.0] AndroidManifest.xml:22:5-20
MERGED from [com.android.support:design:28.0.0] AndroidManifest.xml:22:5-20
MERGED from [com.android.support.constraint:constraint-layout:1.1.3] AndroidManifest.xml:9:5-20
MERGED from [com.android.support.constraint:constraint-layout:1.1.3] AndroidManifest.xml:9:5-20
MERGED from [com.android.support:support-compat:28.0.0] AndroidManifest.xml:22:5-94
MERGED from [com.android.support:support-compat:28.0.0] AndroidManifest.xml:22:5-94
MERGED from [com.android.support:versionedparcelable:28.0.0] AndroidManifest.xml:22:5-23:19
MERGED from [com.android.support:versionedparcelable:28.0.0] AndroidManifest.xml:22:5-23:19
	android:appComponentFactory
		ADDED from [com.android.support:support-compat:28.0.0] AndroidManifest.xml:22:18-91
	android:supportsRtl
		ADDED from src\main\AndroidManifest.xml:14:13-39
	android:label
		ADDED from src\main\AndroidManifest.xml:12:13-45
	android:roundIcon
		ADDED from src\main\AndroidManifest.xml:13:13-58
	android:icon
		ADDED from src\main\AndroidManifest.xml:11:13-47
	android:allowBackup
		ADDED from src\main\AndroidManifest.xml:10:13-39
	android:theme
		ADDED from src\main\AndroidManifest.xml:15:13-44
activity#com.example.hostelcare.About_Activity
ADDED from src\main\AndroidManifest.xml:16:9-17:20
	android:name
		ADDED from src\main\AndroidManifest.xml:16:19-49
activity#com.example.hostelcare.AboutActivity
ADDED from src\main\AndroidManifest.xml:18:9-19:20
	android:name
		ADDED from src\main\AndroidManifest.xml:18:19-48
activity#com.example.hostelcare.activity_about
ADDED from src\main\AndroidManifest.xml:20:9-24:20
	android:label
		ADDED from src\main\AndroidManifest.xml:22:17-61
	android:theme
		ADDED from src\main\AndroidManifest.xml:23:17-60
	android:name
		ADDED from src\main\AndroidManifest.xml:21:17-47
activity#com.example.hostelcare.ChiefNoteActivity
ADDED from src\main\AndroidManifest.xml:25:9-29:20
	android:label
		ADDED from src\main\AndroidManifest.xml:27:17-66
	android:theme
		ADDED from src\main\AndroidManifest.xml:28:17-60
	android:name
		ADDED from src\main\AndroidManifest.xml:26:17-50
activity#com.example.hostelcare.ChiefNote
ADDED from src\main\AndroidManifest.xml:30:9-31:20
	android:name
		ADDED from src\main\AndroidManifest.xml:30:19-44
activity#com.example.hostelcare.AdminActivity
ADDED from src\main\AndroidManifest.xml:32:9-33:20
	android:name
		ADDED from src\main\AndroidManifest.xml:32:19-48
activity#com.example.hostelcare.HelpMyFriendActivity
ADDED from src\main\AndroidManifest.xml:34:9-35:20
	android:name
		ADDED from src\main\AndroidManifest.xml:34:19-55
activity#com.example.hostelcare.HelpMeActivity
ADDED from src\main\AndroidManifest.xml:36:9-37:20
	android:name
		ADDED from src\main\AndroidManifest.xml:36:19-49
activity#com.example.hostelcare.NavActivity
ADDED from src\main\AndroidManifest.xml:38:9-42:20
	android:label
		ADDED from src\main\AndroidManifest.xml:40:17-59
	android:theme
		ADDED from src\main\AndroidManifest.xml:41:17-60
	android:name
		ADDED from src\main\AndroidManifest.xml:39:17-44
activity#com.example.hostelcare.MainActivity
ADDED from src\main\AndroidManifest.xml:43:9-49:20
	android:name
		ADDED from src\main\AndroidManifest.xml:43:19-47
intent-filter#action:name:android.intent.action.MAIN+category:name:android.intent.category.LAUNCHER
ADDED from src\main\AndroidManifest.xml:44:13-48:29
action#android.intent.action.MAIN
ADDED from src\main\AndroidManifest.xml:45:17-68
	android:name
		ADDED from src\main\AndroidManifest.xml:45:25-66
category#android.intent.category.LAUNCHER
ADDED from src\main\AndroidManifest.xml:47:17-76
	android:name
		ADDED from src\main\AndroidManifest.xml:47:27-74
uses-sdk
INJECTED from src\main\AndroidManifest.xml reason: use-sdk injection requested
INJECTED from src\main\AndroidManifest.xml
INJECTED from src\main\AndroidManifest.xml
MERGED from [org.jetbrains.anko:anko-sdk25:0.10.8] AndroidManifest.xml:7:5-9:41
MERGED from [org.jetbrains.anko:anko-sdk25:0.10.8] AndroidManifest.xml:7:5-9:41
MERGED from [org.jetbrains.anko:anko-sdk25-coroutines:0.10.8] AndroidManifest.xml:7:5-9:41
MERGED from [org.jetbrains.anko:anko-sdk25-coroutines:0.10.8] AndroidManifest.xml:7:5-9:41
MERGED from [org.jetbrains.anko:anko-sqlite:0.10.8] AndroidManifest.xml:7:5-9:41
MERGED from [org.jetbrains.anko:anko-sqlite:0.10.8] AndroidManifest.xml:7:5-9:41
MERGED from [org.jetbrains.anko:anko-appcompat-v7:0.10.8] AndroidManifest.xml:7:5-9:41
MERGED from [org.jetbrains.anko:anko-appcompat-v7:0.10.8] AndroidManifest.xml:7:5-9:41
MERGED from [org.jetbrains.anko:anko-support-v4:0.10.8] AndroidManifest.xml:7:5-9:41
MERGED from [org.jetbrains.anko:anko-support-v4:0.10.8] AndroidManifest.xml:7:5-9:41
MERGED from [org.jetbrains.anko:anko-appcompat-v7-coroutines:0.10.8] AndroidManifest.xml:7:5-9:41
MERGED from [org.jetbrains.anko:anko-appcompat-v7-coroutines:0.10.8] AndroidManifest.xml:7:5-9:41
MERGED from [org.jetbrains.anko:anko-appcompat-v7-commons:0.10.8] AndroidManifest.xml:7:5-9:41
MERGED from [org.jetbrains.anko:anko-appcompat-v7-commons:0.10.8] AndroidManifest.xml:7:5-9:41
MERGED from [org.jetbrains.anko:anko-support-v4-commons:0.10.8] AndroidManifest.xml:7:5-9:41
MERGED from [org.jetbrains.anko:anko-support-v4-commons:0.10.8] AndroidManifest.xml:7:5-9:41
MERGED from [org.jetbrains.anko:anko-commons:0.10.8] AndroidManifest.xml:7:5-9:41
MERGED from [org.jetbrains.anko:anko-commons:0.10.8] AndroidManifest.xml:7:5-9:41
MERGED from [com.github.kittinunf.fuel:fuel-android:1.6.0] AndroidManifest.xml:7:5-9:41
MERGED from [com.github.kittinunf.fuel:fuel-android:1.6.0] AndroidManifest.xml:7:5-9:41
MERGED from [com.android.support:design:28.0.0] AndroidManifest.xml:20:5-44
MERGED from [com.android.support:design:28.0.0] AndroidManifest.xml:20:5-44
MERGED from [org.jetbrains.anko:appcompatV7-base:0.10.8] AndroidManifest.xml:7:5-9:41
MERGED from [org.jetbrains.anko:appcompatV7-base:0.10.8] AndroidManifest.xml:7:5-9:41
MERGED from [com.android.support:appcompat-v7:28.0.0] AndroidManifest.xml:20:5-44
MERGED from [com.android.support:appcompat-v7:28.0.0] AndroidManifest.xml:20:5-44
MERGED from [com.android.support.constraint:constraint-layout:1.1.3] AndroidManifest.xml:5:5-7:41
MERGED from [com.android.support.constraint:constraint-layout:1.1.3] AndroidManifest.xml:5:5-7:41
MERGED from [com.android.support:recyclerview-v7:28.0.0] AndroidManifest.xml:20:5-44
MERGED from [com.android.support:recyclerview-v7:28.0.0] AndroidManifest.xml:20:5-44
MERGED from [org.jetbrains.anko:platform-base:0.10.8] AndroidManifest.xml:7:5-9:41
MERGED from [org.jetbrains.anko:platform-base:0.10.8] AndroidManifest.xml:7:5-9:41
MERGED from [org.jetbrains.anko:sqlite-base:0.10.8] AndroidManifest.xml:7:5-9:41
MERGED from [org.jetbrains.anko:sqlite-base:0.10.8] AndroidManifest.xml:7:5-9:41
MERGED from [org.jetbrains.anko:supportV4-base:0.10.8] AndroidManifest.xml:7:5-9:41
MERGED from [org.jetbrains.anko:supportV4-base:0.10.8] AndroidManifest.xml:7:5-9:41
MERGED from [org.jetbrains.anko:commons-base:0.10.8] AndroidManifest.xml:7:5-9:41
MERGED from [org.jetbrains.anko:commons-base:0.10.8] AndroidManifest.xml:7:5-9:41
MERGED from [com.android.support:support-v4:27.1.1] AndroidManifest.xml:20:5-44
MERGED from [com.android.support:support-v4:27.1.1] AndroidManifest.xml:20:5-44
MERGED from [com.android.support:support-fragment:28.0.0] AndroidManifest.xml:20:5-44
MERGED from [com.android.support:support-fragment:28.0.0] AndroidManifest.xml:20:5-44
MERGED from [com.android.support:animated-vector-drawable:28.0.0] AndroidManifest.xml:20:5-44
MERGED from [com.android.support:animated-vector-drawable:28.0.0] AndroidManifest.xml:20:5-44
MERGED from [com.android.support:support-core-ui:28.0.0] AndroidManifest.xml:20:5-44
MERGED from [com.android.support:support-core-ui:28.0.0] AndroidManifest.xml:20:5-44
MERGED from [com.android.support:support-core-utils:28.0.0] AndroidManifest.xml:20:5-44
MERGED from [com.android.support:support-core-utils:28.0.0] AndroidManifest.xml:20:5-44
MERGED from [com.android.support:support-vector-drawable:28.0.0] AndroidManifest.xml:20:5-44
MERGED from [com.android.support:support-vector-drawable:28.0.0] AndroidManifest.xml:20:5-44
MERGED from [com.android.support:transition:28.0.0] AndroidManifest.xml:20:5-44
MERGED from [com.android.support:transition:28.0.0] AndroidManifest.xml:20:5-44
MERGED from [com.android.support:loader:28.0.0] AndroidManifest.xml:20:5-44
MERGED from [com.android.support:loader:28.0.0] AndroidManifest.xml:20:5-44
MERGED from [com.android.support:viewpager:28.0.0] AndroidManifest.xml:20:5-44
MERGED from [com.android.support:viewpager:28.0.0] AndroidManifest.xml:20:5-44
MERGED from [com.android.support:coordinatorlayout:28.0.0] AndroidManifest.xml:20:5-44
MERGED from [com.android.support:coordinatorlayout:28.0.0] AndroidManifest.xml:20:5-44
MERGED from [com.android.support:drawerlayout:28.0.0] AndroidManifest.xml:20:5-44
MERGED from [com.android.support:drawerlayout:28.0.0] AndroidManifest.xml:20:5-44
MERGED from [com.android.support:slidingpanelayout:28.0.0] AndroidManifest.xml:20:5-44
MERGED from [com.android.support:slidingpanelayout:28.0.0] AndroidManifest.xml:20:5-44
MERGED from [com.android.support:customview:28.0.0] AndroidManifest.xml:20:5-44
MERGED from [com.android.support:customview:28.0.0] AndroidManifest.xml:20:5-44
MERGED from [com.android.support:swiperefreshlayout:28.0.0] AndroidManifest.xml:20:5-44
MERGED from [com.android.support:swiperefreshlayout:28.0.0] AndroidManifest.xml:20:5-44
MERGED from [com.android.support:asynclayoutinflater:28.0.0] AndroidManifest.xml:20:5-44
MERGED from [com.android.support:asynclayoutinflater:28.0.0] AndroidManifest.xml:20:5-44
MERGED from [com.android.support:support-media-compat:27.1.1] AndroidManifest.xml:20:5-44
MERGED from [com.android.support:support-media-compat:27.1.1] AndroidManifest.xml:20:5-44
MERGED from [com.android.support:support-compat:28.0.0] AndroidManifest.xml:20:5-44
MERGED from [com.android.support:support-compat:28.0.0] AndroidManifest.xml:20:5-44
MERGED from [com.android.support:versionedparcelable:28.0.0] AndroidManifest.xml:20:5-44
MERGED from [com.android.support:versionedparcelable:28.0.0] AndroidManifest.xml:20:5-44
MERGED from [com.android.support:cursoradapter:28.0.0] AndroidManifest.xml:20:5-44
MERGED from [com.android.support:cursoradapter:28.0.0] AndroidManifest.xml:20:5-44
MERGED from [com.android.support:cardview-v7:28.0.0] AndroidManifest.xml:20:5-44
MERGED from [com.android.support:cardview-v7:28.0.0] AndroidManifest.xml:20:5-44
MERGED from [android.arch.lifecycle:runtime:1.1.1] AndroidManifest.xml:20:5-44
MERGED from [android.arch.lifecycle:runtime:1.1.1] AndroidManifest.xml:20:5-44
MERGED from [com.android.support:documentfile:28.0.0] AndroidManifest.xml:20:5-44
MERGED from [com.android.support:documentfile:28.0.0] AndroidManifest.xml:20:5-44
MERGED from [com.android.support:localbroadcastmanager:28.0.0] AndroidManifest.xml:20:5-44
MERGED from [com.android.support:localbroadcastmanager:28.0.0] AndroidManifest.xml:20:5-44
MERGED from [com.android.support:print:28.0.0] AndroidManifest.xml:20:5-44
MERGED from [com.android.support:print:28.0.0] AndroidManifest.xml:20:5-44
MERGED from [android.arch.lifecycle:viewmodel:1.1.1] AndroidManifest.xml:20:5-44
MERGED from [android.arch.lifecycle:viewmodel:1.1.1] AndroidManifest.xml:20:5-44
MERGED from [com.android.support:interpolator:28.0.0] AndroidManifest.xml:20:5-44
MERGED from [com.android.support:interpolator:28.0.0] AndroidManifest.xml:20:5-44
MERGED from [android.arch.lifecycle:livedata:1.1.1] AndroidManifest.xml:20:5-44
MERGED from [android.arch.lifecycle:livedata:1.1.1] AndroidManifest.xml:20:5-44
MERGED from [android.arch.lifecycle:livedata-core:1.1.1] AndroidManifest.xml:20:5-44
MERGED from [android.arch.lifecycle:livedata-core:1.1.1] AndroidManifest.xml:20:5-44
MERGED from [android.arch.core:runtime:1.1.1] AndroidManifest.xml:20:5-44
MERGED from [android.arch.core:runtime:1.1.1] AndroidManifest.xml:20:5-44
INJECTED from src\main\AndroidManifest.xml
INJECTED from src\main\AndroidManifest.xml
	android:targetSdkVersion
		INJECTED from src\main\AndroidManifest.xml
		ADDED from src\main\AndroidManifest.xml
		INJECTED from src\main\AndroidManifest.xml
	android:minSdkVersion
		INJECTED from src\main\AndroidManifest.xml
		ADDED from src\main\AndroidManifest.xml
		INJECTED from src\main\AndroidManifest.xml